Test: testGetAccountsByUserId
Class: org.banking.tests.AccountApiTests
Exception: java.lang.AssertionError: Schema validation failed: Schema file not found: account-list-schema.json