Test: testCreateUserWithValidData
Class: org.banking.tests.UserApiTests
Exception: java.lang.AssertionError: User creation should return 201 expected [201] but found [409]