Test: testCreateAccountWithValidData
Class: org.banking.tests.AccountApiTests
Exception: java.lang.AssertionError: User ID should match expected [72] but found [null]